2024-11-15 23:44:33 [main] INFO  c.a.a.AppointmentsFlywayApplication - Starting migration
2024-11-15 23:46:59 [main] INFO  c.a.a.AppointmentsFlywayApplication - Starting migration
2024-11-15 23:59:49 [main] INFO  c.a.a.AppointmentsFlywayApplication - Starting migration
2024-11-16 00:01:46 [main] INFO  c.a.a.AppointmentsFlywayApplication - Starting migration
2024-11-16 00:01:52 [main] INFO  c.a.a.AppointmentsFlywayApplication - Starting migration
2024-11-16 00:02:39 [main] INFO  c.a.a.AppointmentsFlywayApplication - Starting migration
2024-11-16 00:03:40 [main] INFO  c.a.a.AppointmentsFlywayApplication - Starting migration
2024-11-16 00:03:41 [main] DEBUG o.f.c.i.s.classpath.ClassPathScanner - Multiple databases found that handle url 'jdbc:postgresql://localhost:5432/appointmentsdb': CockroachDB, PostgreSQL
2024-11-16 00:03:41 [main] DEBUG o.f.c.i.s.classpath.ClassPathScanner - Scanning for classpath resources at 'classpath:db/callback' ...
2024-11-16 00:03:41 [main] DEBUG o.f.c.i.s.classpath.ClassPathScanner - Determining location urls for classpath:db/callback using ClassLoader jdk.internal.loader.ClassLoaders$AppClassLoader@1dbd16a6 ...
2024-11-16 00:03:41 [main] DEBUG o.f.c.i.s.classpath.ClassPathScanner - Unable to resolve location classpath:db/callback.
2024-11-16 00:03:41 [main] INFO  o.f.c.i.s.classpath.ClassPathScanner - Flyway OSS Edition 10.4.1 by Redgate
2024-11-16 00:03:41 [main] INFO  o.f.c.i.s.classpath.ClassPathScanner - 
2024-11-16 00:03:41 [main] INFO  o.f.c.i.s.classpath.ClassPathScanner - See release notes here: https://rd.gt/416ObMi
2024-11-16 00:03:41 [main] DEBUG o.f.c.i.s.classpath.ClassPathScanner - Scanning for classpath resources at 'classpath:db/migration' ...
2024-11-16 00:03:41 [main] DEBUG o.f.c.i.s.classpath.ClassPathScanner - Determining location urls for classpath:db/migration using ClassLoader jdk.internal.loader.ClassLoaders$AppClassLoader@1dbd16a6 ...
2024-11-16 00:03:41 [main] DEBUG o.f.c.i.s.classpath.ClassPathScanner - Scanning URL: file:/home/agent98/Desktop/Projects/appointments-flyway/target/classes/db/migration
2024-11-16 00:03:41 [main] DEBUG o.f.c.i.s.c.FileSystemClassPathLocationScanner - Scanning starting at classpath root in filesystem: /home/agent98/Desktop/Projects/appointments-flyway/target/classes/
2024-11-16 00:03:41 [main] DEBUG o.f.c.i.s.c.FileSystemClassPathLocationScanner - Scanning for resources in path: /home/agent98/Desktop/Projects/appointments-flyway/target/classes/db/migration (db/migration)
2024-11-16 00:03:41 [main] DEBUG o.f.c.i.s.classpath.ClassPathScanner - Found resource: db/migration/V1.1__create_expert_table.sql
2024-11-16 00:03:41 [main] DEBUG o.f.c.i.s.classpath.ClassPathScanner - Found resource: db/migration/V1__init_db.sql
2024-11-16 00:03:41 [main] DEBUG o.f.c.i.s.classpath.ClassPathScanner - Scanning for classes at classpath:db/migration
2024-11-16 00:03:41 [main] DEBUG o.f.c.i.r.ResourceNameValidator - Validating V1__init_db.sql
2024-11-16 00:03:41 [main] DEBUG o.f.c.i.d.DatabaseTypeRegister - Multiple databases found that handle url 'jdbc:postgresql://localhost:5432/appointmentsdb': CockroachDB, PostgreSQL
2024-11-16 00:03:41 [main] DEBUG o.f.c.i.r.ResourceNameValidator - Validating V1.1__create_expert_table.sql
2024-11-16 00:03:41 [main] DEBUG o.f.c.i.d.DatabaseTypeRegister - Multiple databases found that handle url 'jdbc:postgresql://localhost:5432/appointmentsdb': CockroachDB, PostgreSQL
2024-11-16 00:03:42 [main] INFO  org.flywaydb.core.FlywayExecutor - Database: jdbc:postgresql://localhost:5432/appointmentsdb (PostgreSQL 16.4)
2024-11-16 00:03:42 [main] DEBUG org.flywaydb.core.FlywayExecutor - Driver: PostgreSQL JDBC Driver 42.6.0
2024-11-16 00:03:42 [main] DEBUG org.flywaydb.core.FlywayExecutor - DDL Transactions Supported: true
2024-11-16 00:03:42 [main] DEBUG o.f.c.i.s.SchemaHistoryFactory - Schemas: 
2024-11-16 00:03:42 [main] DEBUG o.f.c.i.s.SchemaHistoryFactory - Default schema: null
2024-11-16 00:03:42 [main] DEBUG o.f.c.i.c.SqlScriptCallbackFactory - Scanning for SQL callbacks ...
2024-11-16 00:03:42 [main] DEBUG o.f.core.internal.command.DbValidate - Validating migrations ...
2024-11-16 00:03:42 [main] DEBUG o.f.c.a.c.ClassicConfiguration - CherryPickConfigurationExtension not found
2024-11-16 00:03:42 [main] DEBUG o.f.core.internal.scanner.Scanner - Filtering out resource: db/migration/V1__init_db.sql (filename: V1__init_db.sql)
2024-11-16 00:03:42 [main] DEBUG o.f.core.internal.scanner.Scanner - Filtering out resource: db/migration/V1.1__create_expert_table.sql (filename: V1.1__create_expert_table.sql)
2024-11-16 00:03:42 [main] DEBUG o.f.core.internal.scanner.Scanner - Filtering out resource: db/migration/V1__init_db.sql (filename: V1__init_db.sql)
2024-11-16 00:03:42 [main] DEBUG o.f.core.internal.scanner.Scanner - Filtering out resource: db/migration/V1.1__create_expert_table.sql (filename: V1.1__create_expert_table.sql)
2024-11-16 00:03:42 [main] INFO  o.f.core.internal.command.DbValidate - Successfully validated 2 migrations (execution time 00:00.109s)
2024-11-16 00:03:42 [main] DEBUG o.f.core.internal.command.DbSchemas - Skipping creation of existing schema: "public"
2024-11-16 00:03:42 [main] DEBUG o.f.c.a.c.ClassicConfiguration - CherryPickConfigurationExtension not found
2024-11-16 00:03:42 [main] INFO  o.f.core.internal.command.DbMigrate - Current version of schema "public": 1.1
2024-11-16 00:03:42 [main] INFO  o.f.core.internal.command.DbMigrate - Schema "public" is up to date. No migration necessary.
2024-11-16 00:03:42 [main] DEBUG org.flywaydb.core.FlywayExecutor - Memory usage: 31 of 320M
